1673682730338:help
1673682743394:add -a 5 -b 6
1673682750080:help add
1673682762852:add --a 5 --b 6
1673682766389:exit
1673683761765:help
1673683765352:help add
1673683772219:add -a 5 --b 6
1673683775573:add -a 5 -b 6
1673683777547:clear
1673683782074:exit
1673683845162:help
1673683847786:exit
1673684350336:help
1673684364380:help mycommand
1673685136735:help
1673685141623:help sum
1673685148728:sum -a 5 -b 7
1673685186213:sum 5 7
1673685225584:sum a=5 b=7
1673685241637:sum a 5 b 7
1673685316864:sum 5 7
1673686190256:help
1673686292425:help sum
1673686328260:sum -a 5 -b 7
